2025/05/14 13:32:27 [notice] 1#1: using the "epoll" event method
2025/05/14 13:32:27 [notice] 1#1: nginx/1.27.5
2025/05/14 13:32:27 [notice] 1#1: built by gcc 14.2.0 (Alpine 14.2.0) 
2025/05/14 13:32:27 [notice] 1#1: OS: Linux 6.8.0-50-generic
2025/05/14 13:32:27 [notice] 1#1: getrlimit(RLIMIT_NOFILE): 1048576:1048576
2025/05/14 13:32:27 [notice] 1#1: start worker processes
2025/05/14 13:32:27 [notice] 1#1: start worker process 29
2025/05/14 13:32:27 [notice] 1#1: start worker process 30
2025/05/14 13:34:53 [notice] 1#1: signal 3 (SIGQUIT) received, shutting down
2025/05/14 13:34:53 [notice] 29#29: gracefully shutting down
2025/05/14 13:34:53 [notice] 30#30: gracefully shutting down
2025/05/14 13:34:53 [notice] 29#29: exiting
2025/05/14 13:34:53 [notice] 30#30: exiting
2025/05/14 13:34:53 [notice] 29#29: exit
2025/05/14 13:34:53 [notice] 30#30: exit
2025/05/14 13:34:53 [notice] 1#1: signal 17 (SIGCHLD) received from 29
2025/05/14 13:34:53 [notice] 1#1: worker process 29 exited with code 0
2025/05/14 13:34:53 [notice] 1#1: worker process 30 exited with code 0
2025/05/14 13:34:53 [notice] 1#1: exit
2025/05/14 13:34:54 [notice] 1#1: using the "epoll" event method
2025/05/14 13:34:54 [notice] 1#1: nginx/1.27.5
2025/05/14 13:34:54 [notice] 1#1: built by gcc 14.2.0 (Alpine 14.2.0) 
2025/05/14 13:34:54 [notice] 1#1: OS: Linux 6.8.0-50-generic
2025/05/14 13:34:54 [notice] 1#1: getrlimit(RLIMIT_NOFILE): 1048576:1048576
2025/05/14 13:34:54 [notice] 1#1: start worker processes
2025/05/14 13:34:54 [notice] 1#1: start worker process 28
2025/05/14 13:34:54 [notice] 1#1: start worker process 29
2025/05/14 13:38:39 [notice] 1#1: signal 3 (SIGQUIT) received, shutting down
2025/05/14 13:38:39 [notice] 28#28: gracefully shutting down
2025/05/14 13:38:39 [notice] 29#29: gracefully shutting down
2025/05/14 13:38:39 [notice] 29#29: exiting
2025/05/14 13:38:39 [notice] 28#28: exiting
2025/05/14 13:38:39 [notice] 29#29: exit
2025/05/14 13:38:39 [notice] 28#28: exit
2025/05/14 13:38:39 [notice] 1#1: signal 17 (SIGCHLD) received from 28
2025/05/14 13:38:39 [notice] 1#1: worker process 28 exited with code 0
2025/05/14 13:38:39 [notice] 1#1: signal 29 (SIGIO) received
2025/05/14 13:38:39 [notice] 1#1: signal 17 (SIGCHLD) received from 29
2025/05/14 13:38:39 [notice] 1#1: worker process 29 exited with code 0
2025/05/14 13:38:39 [notice] 1#1: exit
2025/05/14 13:38:41 [notice] 1#1: using the "epoll" event method
2025/05/14 13:38:41 [notice] 1#1: nginx/1.27.5
2025/05/14 13:38:41 [notice] 1#1: built by gcc 14.2.0 (Alpine 14.2.0) 
2025/05/14 13:38:41 [notice] 1#1: OS: Linux 6.8.0-50-generic
2025/05/14 13:38:41 [notice] 1#1: getrlimit(RLIMIT_NOFILE): 1048576:1048576
2025/05/14 13:38:41 [notice] 1#1: start worker processes
2025/05/14 13:38:41 [notice] 1#1: start worker process 29
2025/05/14 13:38:41 [notice] 1#1: start worker process 30
2025/05/14 13:43:50 [notice] 1#1: signal 3 (SIGQUIT) received, shutting down
2025/05/14 13:43:50 [notice] 29#29: gracefully shutting down
2025/05/14 13:43:50 [notice] 30#30: gracefully shutting down
2025/05/14 13:43:50 [notice] 29#29: exiting
2025/05/14 13:43:50 [notice] 30#30: exiting
2025/05/14 13:43:50 [notice] 30#30: exit
2025/05/14 13:43:50 [notice] 29#29: exit
2025/05/14 13:43:50 [notice] 1#1: signal 17 (SIGCHLD) received from 29
2025/05/14 13:43:50 [notice] 1#1: worker process 29 exited with code 0
2025/05/14 13:43:50 [notice] 1#1: signal 29 (SIGIO) received
2025/05/14 13:43:50 [notice] 1#1: signal 17 (SIGCHLD) received from 30
2025/05/14 13:43:50 [notice] 1#1: worker process 30 exited with code 0
2025/05/14 13:43:50 [notice] 1#1: exit
2025/05/14 13:43:53 [notice] 1#1: using the "epoll" event method
2025/05/14 13:43:53 [notice] 1#1: nginx/1.27.5
2025/05/14 13:43:53 [notice] 1#1: built by gcc 14.2.0 (Alpine 14.2.0) 
2025/05/14 13:43:53 [notice] 1#1: OS: Linux 6.8.0-50-generic
2025/05/14 13:43:53 [notice] 1#1: getrlimit(RLIMIT_NOFILE): 1048576:1048576
2025/05/14 13:43:53 [notice] 1#1: start worker processes
2025/05/14 13:43:53 [notice] 1#1: start worker process 29
2025/05/14 13:43:53 [notice] 1#1: start worker process 30
2025/05/14 13:45:54 [notice] 1#1: signal 3 (SIGQUIT) received, shutting down
2025/05/14 13:45:54 [notice] 30#30: gracefully shutting down
2025/05/14 13:45:54 [notice] 30#30: exiting
2025/05/14 13:45:54 [notice] 29#29: gracefully shutting down
2025/05/14 13:45:54 [notice] 29#29: exiting
2025/05/14 13:45:54 [notice] 30#30: exit
2025/05/14 13:45:54 [notice] 29#29: exit
2025/05/14 13:45:54 [notice] 1#1: signal 17 (SIGCHLD) received from 30
2025/05/14 13:45:54 [notice] 1#1: worker process 29 exited with code 0
2025/05/14 13:45:54 [notice] 1#1: worker process 30 exited with code 0
2025/05/14 13:45:54 [notice] 1#1: exit
2025/05/14 13:45:56 [notice] 1#1: using the "epoll" event method
2025/05/14 13:45:56 [notice] 1#1: nginx/1.27.5
2025/05/14 13:45:56 [notice] 1#1: built by gcc 14.2.0 (Alpine 14.2.0) 
2025/05/14 13:45:56 [notice] 1#1: OS: Linux 6.8.0-50-generic
2025/05/14 13:45:56 [notice] 1#1: getrlimit(RLIMIT_NOFILE): 1048576:1048576
2025/05/14 13:45:56 [notice] 1#1: start worker processes
2025/05/14 13:45:56 [notice] 1#1: start worker process 29
2025/05/14 13:45:56 [notice] 1#1: start worker process 30
2025/05/14 13:48:01 [notice] 1#1: signal 3 (SIGQUIT) received, shutting down
2025/05/14 13:48:01 [notice] 29#29: gracefully shutting down
2025/05/14 13:48:01 [notice] 30#30: gracefully shutting down
2025/05/14 13:48:01 [notice] 29#29: exiting
2025/05/14 13:48:01 [notice] 30#30: exiting
2025/05/14 13:48:01 [notice] 29#29: exit
2025/05/14 13:48:01 [notice] 30#30: exit
2025/05/14 13:48:01 [notice] 1#1: signal 17 (SIGCHLD) received from 30
2025/05/14 13:48:01 [notice] 1#1: worker process 30 exited with code 0
2025/05/14 13:48:01 [notice] 1#1: signal 29 (SIGIO) received
2025/05/14 13:48:01 [notice] 1#1: signal 17 (SIGCHLD) received from 29
2025/05/14 13:48:01 [notice] 1#1: worker process 29 exited with code 0
2025/05/14 13:48:01 [notice] 1#1: exit
2025/05/14 13:48:03 [notice] 1#1: using the "epoll" event method
2025/05/14 13:48:03 [notice] 1#1: nginx/1.27.5
2025/05/14 13:48:03 [notice] 1#1: built by gcc 14.2.0 (Alpine 14.2.0) 
2025/05/14 13:48:03 [notice] 1#1: OS: Linux 6.8.0-50-generic
2025/05/14 13:48:03 [notice] 1#1: getrlimit(RLIMIT_NOFILE): 1048576:1048576
2025/05/14 13:48:03 [notice] 1#1: start worker processes
2025/05/14 13:48:03 [notice] 1#1: start worker process 29
2025/05/14 13:48:03 [notice] 1#1: start worker process 30
2025/05/14 13:49:12 [notice] 1#1: signal 3 (SIGQUIT) received, shutting down
2025/05/14 13:49:12 [notice] 29#29: gracefully shutting down
2025/05/14 13:49:12 [notice] 29#29: exiting
2025/05/14 13:49:12 [notice] 30#30: gracefully shutting down
2025/05/14 13:49:12 [notice] 30#30: exiting
2025/05/14 13:49:12 [notice] 29#29: exit
2025/05/14 13:49:12 [notice] 30#30: exit
2025/05/14 13:49:12 [notice] 1#1: signal 17 (SIGCHLD) received from 30
2025/05/14 13:49:12 [notice] 1#1: worker process 29 exited with code 0
2025/05/14 13:49:12 [notice] 1#1: worker process 30 exited with code 0
2025/05/14 13:49:12 [notice] 1#1: exit
2025/05/14 13:49:14 [notice] 1#1: using the "epoll" event method
2025/05/14 13:49:14 [notice] 1#1: nginx/1.27.5
2025/05/14 13:49:14 [notice] 1#1: built by gcc 14.2.0 (Alpine 14.2.0) 
2025/05/14 13:49:14 [notice] 1#1: OS: Linux 6.8.0-50-generic
2025/05/14 13:49:14 [notice] 1#1: getrlimit(RLIMIT_NOFILE): 1048576:1048576
2025/05/14 13:49:14 [notice] 1#1: start worker processes
2025/05/14 13:49:14 [notice] 1#1: start worker process 29
2025/05/14 13:49:14 [notice] 1#1: start worker process 30
2025/05/14 13:50:14 [notice] 1#1: signal 3 (SIGQUIT) received, shutting down
2025/05/14 13:50:14 [notice] 29#29: gracefully shutting down
2025/05/14 13:50:14 [notice] 30#30: gracefully shutting down
2025/05/14 13:50:14 [notice] 29#29: exiting
2025/05/14 13:50:14 [notice] 29#29: exit
2025/05/14 13:50:14 [notice] 1#1: signal 17 (SIGCHLD) received from 29
2025/05/14 13:50:14 [notice] 1#1: worker process 29 exited with code 0
2025/05/14 13:50:14 [notice] 1#1: signal 29 (SIGIO) received
2025/05/14 13:50:16 [notice] 30#30: exiting
2025/05/14 13:50:16 [notice] 30#30: exit
2025/05/14 13:50:16 [notice] 1#1: signal 17 (SIGCHLD) received from 30
2025/05/14 13:50:16 [notice] 1#1: worker process 30 exited with code 0
2025/05/14 13:50:16 [notice] 1#1: exit
2025/05/14 13:50:18 [notice] 1#1: using the "epoll" event method
2025/05/14 13:50:18 [notice] 1#1: nginx/1.27.5
2025/05/14 13:50:18 [notice] 1#1: built by gcc 14.2.0 (Alpine 14.2.0) 
2025/05/14 13:50:18 [notice] 1#1: OS: Linux 6.8.0-50-generic
2025/05/14 13:50:18 [notice] 1#1: getrlimit(RLIMIT_NOFILE): 1048576:1048576
2025/05/14 13:50:18 [notice] 1#1: start worker processes
2025/05/14 13:50:18 [notice] 1#1: start worker process 29
2025/05/14 13:50:18 [notice] 1#1: start worker process 30
2025/05/14 13:50:56 [notice] 1#1: signal 3 (SIGQUIT) received, shutting down
2025/05/14 13:50:56 [notice] 29#29: gracefully shutting down
2025/05/14 13:50:56 [notice] 29#29: exiting
2025/05/14 13:50:56 [notice] 30#30: gracefully shutting down
2025/05/14 13:50:56 [notice] 29#29: exit
2025/05/14 13:50:56 [notice] 1#1: signal 17 (SIGCHLD) received from 29
2025/05/14 13:50:56 [notice] 1#1: worker process 29 exited with code 0
2025/05/14 13:50:56 [notice] 1#1: signal 29 (SIGIO) received
2025/05/14 13:51:10 [notice] 1#1: using the "epoll" event method
2025/05/14 13:51:10 [notice] 1#1: nginx/1.27.5
2025/05/14 13:51:10 [notice] 1#1: built by gcc 14.2.0 (Alpine 14.2.0) 
2025/05/14 13:51:10 [notice] 1#1: OS: Linux 6.8.0-50-generic
2025/05/14 13:51:10 [notice] 1#1: getrlimit(RLIMIT_NOFILE): 1048576:1048576
2025/05/14 13:51:10 [notice] 1#1: start worker processes
2025/05/14 13:51:10 [notice] 1#1: start worker process 29
2025/05/14 13:51:10 [notice] 1#1: start worker process 30
2025/05/14 14:24:10 [notice] 1#1: signal 3 (SIGQUIT) received, shutting down
2025/05/14 14:24:10 [notice] 29#29: gracefully shutting down
2025/05/14 14:24:10 [notice] 29#29: exiting
2025/05/14 14:24:10 [notice] 30#30: gracefully shutting down
2025/05/14 14:24:10 [notice] 29#29: exit
2025/05/14 14:24:10 [notice] 30#30: exiting
2025/05/14 14:24:10 [notice] 30#30: exit
2025/05/14 14:24:10 [notice] 1#1: signal 17 (SIGCHLD) received from 30
2025/05/14 14:24:10 [notice] 1#1: worker process 30 exited with code 0
2025/05/14 14:24:10 [notice] 1#1: signal 29 (SIGIO) received
2025/05/14 14:24:10 [notice] 1#1: signal 17 (SIGCHLD) received from 29
2025/05/14 14:24:10 [notice] 1#1: worker process 29 exited with code 0
2025/05/14 14:24:10 [notice] 1#1: exit
2025/05/14 14:24:13 [notice] 1#1: using the "epoll" event method
2025/05/14 14:24:13 [notice] 1#1: nginx/1.27.5
2025/05/14 14:24:13 [notice] 1#1: built by gcc 14.2.0 (Alpine 14.2.0) 
2025/05/14 14:24:13 [notice] 1#1: OS: Linux 6.8.0-50-generic
2025/05/14 14:24:13 [notice] 1#1: getrlimit(RLIMIT_NOFILE): 1048576:1048576
2025/05/14 14:24:13 [notice] 1#1: start worker processes
2025/05/14 14:24:13 [notice] 1#1: start worker process 29
2025/05/14 14:24:13 [notice] 1#1: start worker process 30
2025/05/14 14:24:44 [notice] 1#1: signal 3 (SIGQUIT) received, shutting down
2025/05/14 14:24:44 [notice] 30#30: gracefully shutting down
2025/05/14 14:24:44 [notice] 29#29: gracefully shutting down
2025/05/14 14:24:44 [notice] 30#30: exiting
2025/05/14 14:24:44 [notice] 30#30: exit
2025/05/14 14:24:44 [notice] 29#29: exiting
2025/05/14 14:24:44 [notice] 29#29: exit
2025/05/14 14:24:44 [notice] 1#1: signal 17 (SIGCHLD) received from 29
2025/05/14 14:24:44 [notice] 1#1: worker process 29 exited with code 0
2025/05/14 14:24:44 [notice] 1#1: worker process 30 exited with code 0
2025/05/14 14:24:44 [notice] 1#1: exit
2025/05/14 14:24:46 [notice] 1#1: using the "epoll" event method
2025/05/14 14:24:46 [notice] 1#1: nginx/1.27.5
2025/05/14 14:24:46 [notice] 1#1: built by gcc 14.2.0 (Alpine 14.2.0) 
2025/05/14 14:24:46 [notice] 1#1: OS: Linux 6.8.0-50-generic
2025/05/14 14:24:46 [notice] 1#1: getrlimit(RLIMIT_NOFILE): 1048576:1048576
2025/05/14 14:24:46 [notice] 1#1: start worker processes
2025/05/14 14:24:46 [notice] 1#1: start worker process 29
2025/05/14 14:24:46 [notice] 1#1: start worker process 30
